[19Apr2025 00:00:48.170] [Server thread/INFO] [net.minecraft.server.MinecraftServer/]: mr_atatuds was slain by Corpse Fish
[19Apr2025 00:01:19.912] [Server thread/INFO] [net.minecraft.server.MinecraftServer/]: mr_atatuds was slain by Zombie
[19Apr2025 00:03:16.715] [Server thread/INFO] [net.minecraft.server.network.ServerLoginPacketListenerImpl/]: Disconnecting com.mojang.authlib.GameProfile@4d463784[id=<null>,name=sofidi,properties={},legacy=false] (/127.202.212.138:45599): Took too long to log in
[19Apr2025 00:03:16.716] [Server thread/INFO] [net.minecraft.server.network.ServerLoginPacketListenerImpl/]: com.mojang.authlib.GameProfile@4d463784[id=<null>,name=sofidi,properties={},legacy=false] (/127.202.212.138:45599) lost connection: Took too long to log in
[19Apr2025 00:03:16.769] [Server thread/WARN] [net.minecraft.network.Connection/]: handleDisconnection() called twice
[19Apr2025 00:03:48.362] [Server thread/INFO] [net.minecraft.server.MinecraftServer/]: Wayan has made the advancement [Crops of the Wild]
[19Apr2025 00:04:35.861] [Server thread/INFO] [net.minecraft.server.MinecraftServer/]: mr_atatuds was slain by Zombie Lumberjack
[19Apr2025 00:04:52.716] [Server thread/INFO] [net.minecraft.server.MinecraftServer/]: Wayan has made the advancement [Acquire Hardware]
[19Apr2025 00:05:10.068] [Server thread/INFO] [net.minecraft.server.MinecraftServer/]: Wayan hit the ground too hard
[19Apr2025 00:05:40.521] [Server thread/INFO] [net.minecraft.server.MinecraftServer/]: Kiwin hit the ground too hard
[19Apr2025 00:05:53.973] [Server thread/INFO] [net.minecraft.server.MinecraftServer/]: mr_atatuds was slain by Zombie
[19Apr2025 00:06:08.313] [Server thread/INFO] [net.minecraft.server.MinecraftServer/]: krisssss was slain by Corpse Fish
[19Apr2025 00:06:09.710] [Server thread/INFO] [net.minecraft.server.MinecraftServer/]: Kiwin has completed the challenge [Cannibal]
[19Apr2025 00:06:28.415] [Server thread/INFO] [net.minecraft.server.MinecraftServer/]: mr_atatuds was slain by Door Knight
[19Apr2025 00:06:34.764] [Server thread/INFO] [net.minecraft.server.MinecraftServer/]: mr_atatuds was slain by Door Knight
[19Apr2025 00:06:37.714] [Server thread/INFO] [net.minecraft.server.MinecraftServer/]: Kiwin was slain by Dread Hound
[19Apr2025 00:06:44.763] [Server thread/INFO] [net.minecraft.server.MinecraftServer/]: Wayan was slain by Decaying Zombie
[19Apr2025 00:07:09.932] [Server thread/INFO] [net.minecraft.server.MinecraftServer/]: mr_atatuds was shot by Skeleton
[19Apr2025 00:07:46.765] [Server thread/INFO] [net.minecraft.server.MinecraftServer/]: Wayan was slain by Door Knight
[19Apr2025 00:07:46.912] [Netty Epoll Server IO #3/ERROR] [net.bettercombat.network.ServerNetwork/]: Server handling Packets.C2S_AttackRequest - No current attack hand!
[19Apr2025 00:07:46.912] [Netty Epoll Server IO #3/ERROR] [net.bettercombat.network.ServerNetwork/]: Combo count: 4 is dual wielding: false
[19Apr2025 00:07:46.912] [Netty Epoll Server IO #3/ERROR] [net.bettercombat.network.ServerNetwork/]: Main-hand stack: 0 air
[19Apr2025 00:07:46.913] [Netty Epoll Server IO #3/ERROR] [net.bettercombat.network.ServerNetwork/]: Off-hand stack: 0 air
[19Apr2025 00:07:46.913] [Netty Epoll Server IO #3/ERROR] [net.bettercombat.network.ServerNetwork/]: Selected slot server: 6 | client: 6
[19Apr2025 00:08:11.612] [Server thread/INFO] [net.minecraft.server.MinecraftServer/]: Kiwin was slain by Door Knight
[19Apr2025 00:08:32.661] [Server thread/INFO] [net.minecraft.server.MinecraftServer/]: Wayan was slain by Door Knight
[19Apr2025 00:09:00.969] [Server thread/INFO] [net.minecraft.server.MinecraftServer/]: mr_atatuds tried to swim in lava
[19Apr2025 00:09:08.412] [Server thread/WARN] [net.minecraft.server.network.ServerGamePacketListenerImpl/]: Kiwin moved wrongly!
[19Apr2025 00:09:29.167] [Server thread/INFO] [net.minecraft.server.MinecraftServer/]: Kiwin was slain by Dread Hound
[19Apr2025 00:09:40.962] [Server thread/INFO] [net.minecraft.server.MinecraftServer/]: Wayan was slain by Dread Hound
[19Apr2025 00:09:51.613] [Server thread/INFO] [net.minecraft.server.MinecraftServer/]: mr_atatuds was slain by Dread Hound
[19Apr2025 00:10:06.559] [Server thread/INFO] [net.minecraft.world.entity.LivingEntity/]: Named entity Creeper['Angry Creeper'/11495, l='ServerLevel[world]', x=-200.70, y=18.29, z=392.77] died: Angry Creeper drowned
[19Apr2025 00:10:07.511] [Server thread/INFO] [net.minecraft.world.entity.LivingEntity/]: Named entity Creeper['Angry Creeper'/17952, l='ServerLevel[world]', x=-202.16, y=19.64, z=395.16] died: Angry Creeper was blown up by Angry Creeper
[19Apr2025 00:10:16.916] [Server thread/INFO] [net.minecraft.server.MinecraftServer/]: Wayan was slain by Dread Hound
[19Apr2025 00:10:18.813] [Server thread/INFO] [net.minecraft.server.MinecraftServer/]: Kiwin was slain by Door Knight
[19Apr2025 00:11:02.124] [Server thread/INFO] [net.minecraft.server.MinecraftServer/]: Kiwin was slain by Dread Hound
[19Apr2025 00:11:07.765] [Server thread/INFO] [net.minecraft.server.MinecraftServer/]: krisssss was slain by Dread Hound
[19Apr2025 00:11:12.374] [Server thread/INFO] [net.minecraft.server.MinecraftServer/]: Kiwin was slain by Goat Man
[19Apr2025 00:11:21.910] [Server thread/INFO] [net.minecraft.server.MinecraftServer/]: Wayan was slain by Dread Hound
[19Apr2025 00:11:39.912] [Server thread/INFO] [net.minecraft.server.MinecraftServer/]: mr_atatuds was slain by Dread Hound
[19Apr2025 00:11:40.076] [Server thread/INFO] [net.minecraft.server.MinecraftServer/]: Wayan was slain by Dread Hound
[19Apr2025 00:12:08.310] [Server thread/INFO] [net.minecraft.server.MinecraftServer/]: Wayan was slain by Dread Hound
[19Apr2025 00:15:48.509] [Server thread/INFO] [net.minecraft.server.MinecraftServer/]: Wayan has made the advancement [Hot Stuff]
[19Apr2025 00:16:18.256] [Server thread/INFO] [net.minecraft.server.MinecraftServer/]: krisssss has made the advancement [Mine? Mine? Mine?]
[19Apr2025 00:16:46.481] [Server thread/WARN] [net.minecraft.server.MinecraftServer/]: Can't keep up! Is the server overloaded? Running 2032ms or 40 ticks behind
[19Apr2025 00:17:04.230] [Server thread/WARN] [net.minecraft.server.MinecraftServer/]: Can't keep up! Is the server overloaded? Running 2781ms or 55 ticks behind
[19Apr2025 00:18:15.393] [pool-8-thread-2/INFO] [Supplementaries/]: Searching for closest structure among [ResourceKey[minecraft:worldgen/structure / idas:farmhouse], ResourceKey[minecraft:worldgen/structure / minecraft:village_snowy], ResourceKey[minecraft:worldgen/structure / idas:desert_market/desert_market_red], ResourceKey[minecraft:worldgen/structure / idas:beekeepers_house], ResourceKey[minecraft:worldgen/structure / idas:bazaar], ResourceKey[minecraft:worldgen/structure / minecraft:village_taiga], ResourceKey[minecraft:worldgen/structure / idas:desert_market/desert_market_orange], ResourceKey[minecraft:worldgen/structure / minecraft:village_savanna]] from pos BlockPos{x=-581, y=89, z=645}
[19Apr2025 00:18:15.559] [Server thread/WARN] [net.minecraft.server.MinecraftServer/]: Can't keep up! Is the server overloaded? Running 2010ms or 40 ticks behind
[19Apr2025 00:18:34.295] [Server thread/WARN] [net.minecraft.server.MinecraftServer/]: Can't keep up! Is the server overloaded? Running 3746ms or 74 ticks behind
[19Apr2025 00:21:29.254] [Server thread/INFO] [net.minecraft.server.network.ServerGamePacketListenerImpl/]: krisssss lost connection: Disconnected
[19Apr2025 00:21:29.260] [Server thread/INFO] [net.minecraft.server.MinecraftServer/]: krisssss left the game
[19Apr2025 00:21:29.261] [Server thread/INFO] [com.alrex.parcool.ParCool/]: Limitation of 1133038c-9772-36c4-9aa1-f7fa76839f70 was unloaded
[19Apr2025 00:23:55.150] [Server thread/INFO] [net.minecraft.server.players.PlayerList/]: krisssss[/127.23.18.64:51037] logged in with entity id 34207 at (-402.4961968629928, 80.0, 493.726477113951)
[19Apr2025 00:23:55.190] [Server thread/INFO] [net.minecraft.server.MinecraftServer/]: krisssss joined the game
[19Apr2025 00:23:56.888] [Server thread/INFO] [com.alrex.parcool.ParCool/]: Limitation of 1133038c-9772-36c4-9aa1-f7fa76839f70 was loaded
[19Apr2025 00:23:57.479] [Server thread/INFO] [net.minecraft.server.MinecraftServer/]: mr_atatuds has made the advancement [Getting an Upgrade]
[19Apr2025 00:24:08.271] [Server thread/INFO] [net.minecraft.server.MinecraftServer/]: krisssss was slain by Zombie
[19Apr2025 00:24:38.913] [Server thread/INFO] [net.minecraft.server.MinecraftServer/]: Kiwin was blown up by Creeper
[19Apr2025 00:24:39.617] [Server thread/INFO] [net.minecraft.server.MinecraftServer/]: Wayan was pricked to death
[19Apr2025 00:24:54.985] [Server thread/INFO] [net.minecraft.server.MinecraftServer/]: Wayan was slain by Nightmare Stalker
[19Apr2025 00:25:08.368] [Server thread/INFO] [net.minecraft.server.MinecraftServer/]: Kiwin was slain by Nightmare Stalker
[19Apr2025 00:25:17.719] [Server thread/INFO] [net.minecraft.server.MinecraftServer/]: Wayan was slain by Nightmare Stalker
[19Apr2025 00:25:43.986] [Server thread/INFO] [net.minecraft.server.MinecraftServer/]: Wayan was slain by Nightmare Stalker
[19Apr2025 00:26:16.169] [Server thread/INFO] [net.minecraft.server.MinecraftServer/]: Kiwin was blown up by Creeper
[19Apr2025 00:26:47.228] [Server thread/INFO] [net.minecraft.server.MinecraftServer/]: Kiwin was slain by Dread Hound
[19Apr2025 00:26:50.392] [Server thread/INFO] [net.minecraft.server.MinecraftServer/]: Wayan was shot by Skeleton
[19Apr2025 00:27:36.117] [Server thread/INFO] [net.minecraft.server.MinecraftServer/]: Kiwin was slain by Zombie
[19Apr2025 00:29:15.168] [Server thread/INFO] [net.minecraft.server.MinecraftServer/]: Kiwin was slain by Dread Hound
[19Apr2025 00:29:40.466] [Server thread/INFO] [net.minecraft.server.MinecraftServer/]: Kiwin was slain by Dread Hound
[19Apr2025 00:29:59.833] [Server thread/INFO] [net.minecraft.server.MinecraftServer/]: Wayan was slain by Zombie Fisherman
[19Apr2025 00:30:09.275] [Server thread/INFO] [net.minecraft.server.MinecraftServer/]: mr_atatuds was slain by Goat Man
[19Apr2025 00:30:30.414] [Server thread/INFO] [net.minecraft.server.MinecraftServer/]: Kiwin was slain by Zombie Fisherman
[19Apr2025 00:30:30.488] [Netty Epoll Server IO #1/ERROR] [net.bettercombat.network.ServerNetwork/]: Server handling Packets.C2S_AttackRequest - No current attack hand!
[19Apr2025 00:30:30.488] [Netty Epoll Server IO #1/ERROR] [net.bettercombat.network.ServerNetwork/]: Combo count: 8 is dual wielding: false
[19Apr2025 00:30:30.488] [Netty Epoll Server IO #1/ERROR] [net.bettercombat.network.ServerNetwork/]: Main-hand stack: 0 air
[19Apr2025 00:30:30.488] [Netty Epoll Server IO #1/ERROR] [net.bettercombat.network.ServerNetwork/]: Off-hand stack: 0 air
[19Apr2025 00:30:30.488] [Netty Epoll Server IO #1/ERROR] [net.bettercombat.network.ServerNetwork/]: Selected slot server: 5 | client: 5
[19Apr2025 00:31:27.625] [Server thread/INFO] [net.minecraft.server.MinecraftServer/]: Kiwin was slain by Corpse Fly
[19Apr2025 00:32:13.818] [Server thread/INFO] [net.minecraft.server.MinecraftServer/]: Wayan was slain by Corpse Fly
[19Apr2025 00:32:32.419] [Server thread/INFO] [net.minecraft.server.MinecraftServer/]: mr_atatuds was slain by Zombie
[19Apr2025 00:37:22.117] [Server thread/INFO] [net.minecraft.server.MinecraftServer/]: Kiwin has made the advancement [Hot Stuff]
[19Apr2025 00:38:11.173] [Server thread/INFO] [net.minecraft.server.MinecraftServer/]: mr_atatuds was slain by Dread Hound
[19Apr2025 00:40:10.264] [Server thread/WARN] [net.minecraft.server.network.ServerGamePacketListenerImpl/]: Kiwin moved wrongly!
[19Apr2025 00:45:12.269] [Server thread/INFO] [net.minecraft.server.network.ServerGamePacketListenerImpl/]: krisssss lost connection: Timed out
[19Apr2025 00:45:12.269] [Server thread/INFO] [net.minecraft.server.MinecraftServer/]: krisssss left the game
[19Apr2025 00:45:12.270] [Server thread/INFO] [com.alrex.parcool.ParCool/]: Limitation of 1133038c-9772-36c4-9aa1-f7fa76839f70 was unloaded
[19Apr2025 00:45:24.917] [Server thread/INFO] [net.minecraft.server.MinecraftServer/]: Kiwin was blown up by Creeper
[19Apr2025 00:45:34.760] [Server thread/INFO] [net.minecraft.server.network.ServerGamePacketListenerImpl/]: Kiwin lost connection: Timed out
[19Apr2025 00:45:34.760] [Server thread/INFO] [net.minecraft.server.MinecraftServer/]: Kiwin left the game
[19Apr2025 00:45:51.362] [Server thread/INFO] [net.minecraft.server.MinecraftServer/]: Wayan tried to swim in lava to escape Nightmare Stalker
[19Apr2025 00:45:59.324] [Server thread/INFO] [net.minecraft.server.network.ServerLoginPacketListenerImpl/]: com.mojang.authlib.GameProfile@26c38764[id=<null>,name=Kiwin,properties={},legacy=false] (/127.91.111.75:55943) lost connection: Disconnected
